#
# A fatal error has been detected by the Java Runtime Environment:
#
#  EXCEPTION_ACCESS_VIOLATION (0xc0000005) at pc=0x00007ff8a5e9c001, pid=3248, tid=16568
#
# JRE version: OpenJDK Runtime Environment Temurin-21.0.5+11 (21.0.5+11) (build 21.0.5+11-LTS)
# Java VM: OpenJDK 64-Bit Server VM Temurin-21.0.5+11 (21.0.5+11-LTS, mixed mode, sharing, tiered, compressed oops, compressed class ptrs, g1 gc, windows-amd64)
# Problematic frame:
# C  [awt.dll+0xdc001]
#
# No core dump will be written. Minidumps are not enabled by default on client versions of Windows
#
# If you would like to submit a bug report, please visit:
#   https://github.com/adoptium/adoptium-support/issues
# The crash happened outside the Java Virtual Machine in native code.
# See problematic frame for where to report the bug.
#

---------------  S U M M A R Y ------------

Command Line: -agentlib:jdwp=transport=dt_socket,server=n,suspend=y,address=localhost:54426 -XX:+ShowCodeDetailsInExceptionMessages it.unibo.progetto_oop.google.TestGUI

Host: Intel(R) Core(TM) i5-9600K CPU @ 3.70GHz, 6 cores, 15G,  Windows 11 , 64 bit Build 26100 (10.0.26100.3775)
Time: Wed Apr  9 13:06:31 2025 ora legale Europa occidentale elapsed time: 4368.293590 seconds (0d 1h 12m 48s)

---------------  T H R E A D  ---------------

Current thread (0x000002a1fb13d6c0):  JavaThread "AWT-Windows" daemon [_thread_in_native, id=16568, stack(0x000000ecac200000,0x000000ecac300000) (1024K)]

Stack: [0x000000ecac200000,0x000000ecac300000],  sp=0x000000ecac2feda0,  free space=1019k
Native frames: (J=compiled Java code, j=interpreted, Vv=VM code, C=native code)
C  [awt.dll+0xdc001]

Java frames: (J=compiled Java code, j=interpreted, Vv=VM code)
j  sun.awt.windows.WToolkit.eventLoop()V+0 java.desktop@21.0.5
j  sun.awt.windows.WToolkit.run()V+50 java.desktop@21.0.5
j  java.lang.Thread.runWith(Ljava/lang/Object;Ljava/lang/Runnable;)V+5 java.base@21.0.5
j  java.lang.Thread.run()V+19 java.base@21.0.5
v  ~StubRoutines::call_stub 0x000002a1a645100d

siginfo: EXCEPTION_ACCESS_VIOLATION (0xc0000005), reading address 0x0000000000000008


Registers:
RAX=0x0000000000000000, RBX=0x000002a18caf5200, RCX=0x0000000000000000, RDX=0x0000000000000000
RSP=0x000000ecac2feda0, RBP=0x000000ecac2feea9, RSI=0x0000000034010d59, RDI=0x0000000000000000
R8 =0x0000000000000001, R9 =0x000000ecaa5ca000, R10=0x0000000000000000, R11=0x0000000000000246
R12=0x0000000000000000, R13=0x0000000000000310, R14=0x0000000000000000, R15=0x0000000000000000
RIP=0x00007ff8a5e9c001, EFLAGS=0x0000000000010246


Register to memory mapping:

RAX=0x0 is null
RBX=0x000002a18caf5200 points into unknown readable memory: 0x000002a18c843340 | 40 33 84 8c a1 02 00 00
RCX=0x0 is null
RDX=0x0 is null
RSP=0x000000ecac2feda0 is pointing into the stack for thread: 0x000002a1fb13d6c0
RBP=0x000000ecac2feea9 is pointing into the stack for thread: 0x000002a1fb13d6c0
RSI=0x0000000034010d59 is an unknown value
RDI=0x0 is null
R8 =0x0000000000000001 is an unknown value
R9 =0x000000ecaa5ca000 points into unknown readable memory: 0x0000000000000000 | 00 00 00 00 00 00 00 00
R10=0x0 is null
R11=0x0000000000000246 is an unknown value
R12=0x0 is null
R13=0x0000000000000310 is an unknown value
R14=0x0 is null
R15=0x0 is null

Top of Stack: (sp=0x000000ecac2feda0)
0x000000ecac2feda0:   00007ff8a5efa848 0000000034010d59
0x000000ecac2fedb0:   0000610d18d54c98 000000000010054e
0x000000ecac2fedc0:   0000000000000000 00007ff8a5e57b1c
0x000000ecac2fedd0:   0000000034010d59 000002a18c84fdf0
0x000000ecac2fede0:   000002a18caf5200 000002a18c84fdf0
0x000000ecac2fedf0:   000002a18c84fdf0 00007ff8a5e57bc6
0x000000ecac2fee00:   00007ff8a5dc0000 0000000000000000
0x000000ecac2fee10:   000000ecac2fef08 00007ff8b60e4d18
0x000000ecac2fee20:   000002a18c84fdf0 00007ff8a5e54f18
0x000000ecac2fee30:   000002a18c84fdf0 0000000000000000
0x000000ecac2fee40:   00007ff8a5e580a0 00007ff8b9dfa05e
0x000000ecac2fee50:   000002a1fb13da78 00007ff8b8a927a9
0x000000ecac2fee60:   000000ecac2fef00 0000000000000001
0x000000ecac2fee70:   0000000000000000 000000ecac2fef08
0x000000ecac2fee80:   0000000000000000 0000000000000000
0x000000ecac2fee90:   0000000000000000 000002a1fb13da78
0x000000ecac2feea0:   000002a18c84fe90 0000000000000000
0x000000ecac2feeb0:   0000000000000000 0000610d18d54e08
0x000000ecac2feec0:   0000000000000000 0000000000000000
0x000000ecac2feed0:   0000000000000000 0000000000000000
0x000000ecac2feee0:   0000000000000000 0000000000000310
0x000000ecac2feef0:   0000000000000000 000002a18c84fdf0
0x000000ecac2fef00:   000002a18c84fdf0 00007ff8a5ea120c
0x000000ecac2fef10:   0000000000000000 00004bf5251f4cee
0x000000ecac2fef20:   0000ec920d1e8387 000000000000c273
0x000000ecac2fef30:   0000000000000001 0000000000000022
0x000000ecac2fef40:   0000000000000000 00007ff8b8a5b706
0x000000ecac2fef50:   0000000000000022 000000000010054e
0x000000ecac2fef60:   000000000000c273 00007ff8b9dd909f
0x000000ecac2fef70:   000000000010054e 00007ff8b8a788ea
0x000000ecac2fef80:   ffffffffffffffeb 0000610d18d54f28
0x000000ecac2fef90:   000002a195356f70 0000000000000000 

Instructions: (pc=0x00007ff8a5e9c001)
0x00007ff8a5e9bf01:   83 ec 28 66 0f 6e c2 0f 5b c0 f3 0f 59 41 48 0f
0x00007ff8a5e9bf11:   5a c8 f2 0f 10 05 85 4d 03 00 f2 0f 5c 0d e5 4c
0x00007ff8a5e9bf21:   01 00 66 0f 2f c1 76 0a b8 00 00 00 80 48 83 c4
0x00007ff8a5e9bf31:   28 c3 66 0f 2f 0d 65 96 02 00 76 0a b8 ff ff ff
0x00007ff8a5e9bf41:   7f 48 83 c4 28 c3 0f 28 c1 e8 e5 0d 01 00 f2 0f
0x00007ff8a5e9bf51:   2c c0 48 83 c4 28 c3 cc cc cc cc cc cc cc cc 48
0x00007ff8a5e9bf61:   83 ec 28 66 0f 6e c2 0f 5b c0 f3 0f 59 41 4c 0f
0x00007ff8a5e9bf71:   5a c8 f2 0f 10 05 25 4d 03 00 f2 0f 5c 0d 85 4c
0x00007ff8a5e9bf81:   01 00 66 0f 2f c1 76 0a b8 00 00 00 80 48 83 c4
0x00007ff8a5e9bf91:   28 c3 66 0f 2f 0d 05 96 02 00 76 0a b8 ff ff ff
0x00007ff8a5e9bfa1:   7f 48 83 c4 28 c3 0f 28 c1 e8 85 0d 01 00 f2 0f
0x00007ff8a5e9bfb1:   2c c0 48 83 c4 28 c3 cc cc cc cc cc cc cc cc 48
0x00007ff8a5e9bfc1:   8b 49 08 48 85 c9 0f 85 c3 7e fe ff 33 c0 c3 48
0x00007ff8a5e9bfd1:   89 5c 24 08 48 89 74 24 10 57 48 83 ec 20 8b fa
0x00007ff8a5e9bfe1:   48 8b f1 e8 67 bd f4 ff 48 8b d8 48 89 44 24 40
0x00007ff8a5e9bff1:   41 b8 01 00 00 00 8b d7 48 8b c8 e8 bf bc f4 ff
0x00007ff8a5e9c001:   48 8b 48 08 48 85 c9 74 0d 48 8b d6 e8 7e 7e fe
0x00007ff8a5e9c011:   ff 48 8b f8 eb 02 33 ff 48 8b cb e8 ef be f4 ff
0x00007ff8a5e9c021:   90 48 8b c7 48 8b 5c 24 30 48 8b 74 24 38 48 83
0x00007ff8a5e9c031:   c4 20 5f c3 cc cc cc cc cc cc cc cc cc cc cc 48
0x00007ff8a5e9c041:   8b 01 89 10 c3 cc cc cc cc cc cc cc cc cc cc 40
0x00007ff8a5e9c051:   57 48 83 ec 40 48 83 79 38 00 48 8b f9 0f 84 96
0x00007ff8a5e9c061:   01 00 00 48 8b 0d 1d ae 06 00 ba 02 00 01 00 48
0x00007ff8a5e9c071:   89 5c 24 58 48 89 74 24 68 e8 59 f6 00 00 4c 8b
0x00007ff8a5e9c081:   05 32 b3 06 00 48 8b c8 48 8b 57 38 48 8b d8 4c
0x00007ff8a5e9c091:   8b 08 41 ff 91 f8 02 00 00 48 8b f0 48 85 c0 0f
0x00007ff8a5e9c0a1:   84 4a 01 00 00 4c 8b 0b 48 8b d0 4c 8b 05 f5 b2
0x00007ff8a5e9c0b1:   06 00 48 8b cb 41 ff 91 00 01 00 00 84 c0 0f 84
0x00007ff8a5e9c0c1:   2b 01 00 00 48 8b 7f 08 48 8b d6 48 8b 03 48 8b
0x00007ff8a5e9c0d1:   cb 4c 8b 05 e7 b2 06 00 48 81 c7 00 04 00 00 48
0x00007ff8a5e9c0e1:   89 6c 24 60 4c 89 7c 24 20 ff 90 f8 02 00 00 4c
0x00007ff8a5e9c0f1:   8b 0b 48 8b d6 4c 8b 05 cb b2 06 00 48 8b cb 4c 


Stack slot to memory mapping:

stack at sp + 0 slots: 0x00007ff8a5efa848 awt.dll
stack at sp + 1 slots: 0x0000000034010d59 is an unknown value
stack at sp + 2 slots: 0x0000610d18d54c98 is an unknown value
stack at sp + 3 slots: 0x000000000010054e is an unknown value
stack at sp + 4 slots: 0x0 is null
stack at sp + 5 slots: 0x00007ff8a5e57b1c awt.dll
stack at sp + 6 slots: 0x0000000034010d59 is an unknown value
stack at sp + 7 slots: 0x000002a18c84fdf0 points into unknown readable memory: 0x00007ff8a5ecc8e0 | e0 c8 ec a5 f8 7f 00 00


---------------  P R O C E S S  ---------------

Threads class SMR info:
_java_thread_list=0x000002a1fb3cead0, length=20, elements={
0x000002a1b5b4ccf0, 0x000002a1b5b4d940, 0x000002a1b5b4e6c0, 0x000002a1fb1356d0,
0x000002a1fb13b870, 0x000002a1fb13f790, 0x000002a1fb1486d0, 0x000002a1fb14b170,
0x000002a1fb2a7f10, 0x000002a1fb2a9e90, 0x000002a1fb2bc6b0, 0x000002a1fb13c310,
0x000002a1fb13c9a0, 0x000002a1fb13d030, 0x000002a1fb13ea70, 0x000002a1fb13d6c0,
0x000002a1fb13dd50, 0x000002a1fb13e3e0, 0x000002a1fc1557e0, 0x000002a1fc1529f0
}

Java Threads: ( => current thread )
  0x000002a1b5b4ccf0 JavaThread "Reference Handler"          daemon [_thread_blocked, id=2300, stack(0x000000ecab200000,0x000000ecab300000) (1024K)]
  0x000002a1b5b4d940 JavaThread "Finalizer"                  daemon [_thread_blocked, id=9448, stack(0x000000ecab300000,0x000000ecab400000) (1024K)]
  0x000002a1b5b4e6c0 JavaThread "Signal Dispatcher"          daemon [_thread_blocked, id=5232, stack(0x000000ecab400000,0x000000ecab500000) (1024K)]
  0x000002a1fb1356d0 JavaThread "Attach Listener"            daemon [_thread_blocked, id=15232, stack(0x000000ecab500000,0x000000ecab600000) (1024K)]
  0x000002a1fb13b870 JavaThread "Service Thread"             daemon [_thread_blocked, id=2304, stack(0x000000ecab600000,0x000000ecab700000) (1024K)]
  0x000002a1fb13f790 JavaThread "Monitor Deflation Thread"   daemon [_thread_blocked, id=316, stack(0x000000ecab700000,0x000000ecab800000) (1024K)]
  0x000002a1fb1486d0 JavaThread "C2 CompilerThread0"         daemon [_thread_blocked, id=7516, stack(0x000000ecab800000,0x000000ecab900000) (1024K)]
  0x000002a1fb14b170 JavaThread "C1 CompilerThread0"         daemon [_thread_blocked, id=18536, stack(0x000000ecab900000,0x000000ecaba00000) (1024K)]
  0x000002a1fb2a7f10 JavaThread "JDWP Transport Listener: dt_socket" daemon [_thread_blocked, id=10092, stack(0x000000ecaba00000,0x000000ecabb00000) (1024K)]
  0x000002a1fb2a9e90 JavaThread "JDWP Event Helper Thread"   daemon [_thread_blocked, id=18376, stack(0x000000ecabb00000,0x000000ecabc00000) (1024K)]
  0x000002a1fb2bc6b0 JavaThread "JDWP Command Reader"        daemon [_thread_in_native, id=17756, stack(0x000000ecabc00000,0x000000ecabd00000) (1024K)]
  0x000002a1fb13c310 JavaThread "Notification Thread"        daemon [_thread_blocked, id=7664, stack(0x000000ecabd00000,0x000000ecabe00000) (1024K)]
  0x000002a1fb13c9a0 JavaThread "Common-Cleaner"             daemon [_thread_blocked, id=17064, stack(0x000000ecabe00000,0x000000ecabf00000) (1024K)]
  0x000002a1fb13d030 JavaThread "Java2D Disposer"            daemon [_thread_blocked, id=17260, stack(0x000000ecac000000,0x000000ecac100000) (1024K)]
  0x000002a1fb13ea70 JavaThread "AWT-Shutdown"                      [_thread_blocked, id=8180, stack(0x000000ecac100000,0x000000ecac200000) (1024K)]
=>0x000002a1fb13d6c0 JavaThread "AWT-Windows"                daemon [_thread_in_native, id=16568, stack(0x000000ecac200000,0x000000ecac300000) (1024K)]
  0x000002a1fb13dd50 JavaThread "AWT-EventQueue-0"                  [_thread_blocked, id=2080, stack(0x000000ecac300000,0x000000ecac400000) (1024K)]
  0x000002a1fb13e3e0 JavaThread "DestroyJavaVM"                     [_thread_blocked, id=11784, stack(0x000000ecaaa00000,0x000000ecaab00000) (1024K)]
  0x000002a1fc1557e0 JavaThread "D3D Screen Updater"         daemon [_thread_blocked, id=7064, stack(0x000000ecabf00000,0x000000ecac000000) (1024K)]
  0x000002a1fc1529f0 JavaThread "TimerQueue"                 daemon [_thread_blocked, id=7144, stack(0x000000ecac900000,0x000000ecaca00000) (1024K)]
Total: 20

Other Threads:
  0x000002a1b5b2f810 VMThread "VM Thread"                           [id=1868, stack(0x000000ecab100000,0x000000ecab200000) (1024K)]
  0x000002a1b5b16780 WatcherThread "VM Periodic Task Thread"        [id=18300, stack(0x000000ecab000000,0x000000ecab100000) (1024K)]
  0x000002a1967bee30 WorkerThread "GC Thread#0"                     [id=5324, stack(0x000000ecaab00000,0x000000ecaac00000) (1024K)]
  0x000002a1fbc03150 WorkerThread "GC Thread#1"                     [id=10836, stack(0x000000ecaca00000,0x000000ecacb00000) (1024K)]
  0x000002a1fbc03890 WorkerThread "GC Thread#2"                     [id=5332, stack(0x000000ecacb00000,0x000000ecacc00000) (1024K)]
  0x000002a1fbc03fd0 WorkerThread "GC Thread#3"                     [id=12064, stack(0x000000ecacc00000,0x000000ecacd00000) (1024K)]
  0x000002a1fbc02670 WorkerThread "GC Thread#4"                     [id=3692, stack(0x000000ecacd00000,0x000000ecace00000) (1024K)]
  0x000002a1fbc02a10 WorkerThread "GC Thread#5"                     [id=2700, stack(0x000000ecace00000,0x000000ecacf00000) (1024K)]
  0x000002a1967cfce0 ConcurrentGCThread "G1 Main Marker"            [id=1928, stack(0x000000ecaac00000,0x000000ecaad00000) (1024K)]
  0x000002a1967d1660 WorkerThread "G1 Conc#0"                       [id=11900, stack(0x000000ecaad00000,0x000000ecaae00000) (1024K)]
  0x000002a1b59d74d0 ConcurrentGCThread "G1 Refine#0"               [id=1684, stack(0x000000ecaae00000,0x000000ecaaf00000) (1024K)]
  0x000002a19674b7c0 ConcurrentGCThread "G1 Service"                [id=17660, stack(0x000000ecaaf00000,0x000000ecab000000) (1024K)]
Total: 12

Threads with active compile tasks:
Total: 0

VM state: not at safepoint (normal execution)

VM Mutex/Monitor currently owned by a thread: None

Heap address: 0x0000000701200000, size: 4078 MB, Compressed Oops mode: Zero based, Oop shift amount: 3

CDS archive(s) mapped at: [0x000002a1b6000000-0x000002a1b6c80000-0x000002a1b6c80000), size 13107200, SharedBaseAddress: 0x000002a1b6000000, ArchiveRelocationMode: 1.
Compressed class space mapped at: 0x000002a1b7000000-0x000002a1f7000000, reserved size: 1073741824
Narrow klass base: 0x000002a1b6000000, Narrow klass shift: 0, Narrow klass range: 0x100000000

GC Precious Log:
 CardTable entry size: 512
 Card Set container configuration: InlinePtr #cards 4 size 8 Array Of Cards #cards 16 size 48 Howl #buckets 8 coarsen threshold 3686 Howl Bitmap #cards 512 size 80 coarsen threshold 460 Card regions per heap region 1 cards per card region 4096
 CPUs: 6 total, 6 available
 Memory: 16305M
 Large Page Support: Disabled
 NUMA Support: Disabled
 Compressed Oops: Enabled (Zero based)
 Heap Region Size: 2M
 Heap Min Capacity: 8M
 Heap Initial Capacity: 256M
 Heap Max Capacity: 4078M
 Pre-touch: Disabled
 Parallel Workers: 6
 Concurrent Workers: 2
 Concurrent Refinement Workers: 6
 Periodic GC: Disabled

Heap:
 garbage-first heap   total 262144K, used 253128K [0x0000000701200000, 0x0000000800000000)
  region size 2048K, 69 young (141312K), 1 survivors (2048K)
 Metaspace       used 11149K, committed 11584K, reserved 1114112K
  class space    used 1154K, committed 1344K, reserved 1048576K

Heap Regions: E=young(eden), S=young(survivor), O=old, HS=humongous(starts), HC=humongous(continues), CS=collection set, F=free, TAMS=top-at-mark-start, PB=parsable bottom
|   0|0x0000000701200000, 0x0000000701400000, 0x0000000701400000|100%|HS|  |TAMS 0x0000000701200000| PB 0x0000000701200000| Complete 
|   1|0x0000000701400000, 0x0000000701600000, 0x0000000701600000|100%|HC|  |TAMS 0x0000000701400000| PB 0x0000000701400000| Complete 
|   2|0x0000000701600000, 0x0000000701800000, 0x0000000701800000|100%|HC|  |TAMS 0x0000000701600000| PB 0x0000000701600000| Complete 
|   3|0x0000000701800000, 0x0000000701a00000, 0x0000000701a00000|100%|HS|  |TAMS 0x0000000701800000| PB 0x0000000701800000| Complete 
|   4|0x0000000701a00000, 0x0000000701c00000, 0x0000000701c00000|100%|HC|  |TAMS 0x0000000701a00000| PB 0x0000000701a00000| Complete 
|   5|0x0000000701c00000, 0x0000000701e00000, 0x0000000701e00000|100%|HC|  |TAMS 0x0000000701c00000| PB 0x0000000701c00000| Complete 
|   6|0x0000000701e00000, 0x0000000702000000, 0x0000000702000000|100%|HC|  |TAMS 0x0000000701e00000| PB 0x0000000701e00000| Complete 
|   7|0x0000000702000000, 0x0000000702200000, 0x0000000702200000|100%|HC|  |TAMS 0x0000000702000000| PB 0x0000000702000000| Complete 
|   8|0x0000000702200000, 0x0000000702400000, 0x0000000702400000|100%|HC|  |TAMS 0x0000000702200000| PB 0x0000000702200000| Complete 
|   9|0x0000000702400000, 0x0000000702600000, 0x0000000702600000|100%|HC|  |TAMS 0x0000000702400000| PB 0x0000000702400000| Complete 
|  10|0x0000000702600000, 0x0000000702800000, 0x0000000702800000|100%|HC|  |TAMS 0x0000000702600000| PB 0x0000000702600000| Complete 
|  11|0x0000000702800000, 0x0000000702a00000, 0x0000000702a00000|100%|HC|  |TAMS 0x0000000702800000| PB 0x0000000702800000| Complete 
|  12|0x0000000702a00000, 0x0000000702c00000, 0x0000000702c00000|100%|HC|  |TAMS 0x0000000702a00000| PB 0x0000000702a00000| Complete 
|  13|0x0000000702c00000, 0x0000000702e00000, 0x0000000702e00000|100%|HC|  |TAMS 0x0000000702c00000| PB 0x0000000702c00000| Complete 
|  14|0x0000000702e00000, 0x0000000703000000, 0x0000000703000000|100%|HC|  |TAMS 0x0000000702e00000| PB 0x0000000702e00000| Complete 
|  15|0x0000000703000000, 0x0000000703200000, 0x0000000703200000|100%|HC|  |TAMS 0x0000000703000000| PB 0x0000000703000000| Complete 
|  16|0x0000000703200000, 0x0000000703400000, 0x0000000703400000|100%|HC|  |TAMS 0x0000000703200000| PB 0x0000000703200000| Complete 
|  17|0x0000000703400000, 0x0000000703600000, 0x0000000703600000|100%|HC|  |TAMS 0x0000000703400000| PB 0x0000000703400000| Complete 
|  18|0x0000000703600000, 0x0000000703800000, 0x0000000703800000|100%|HC|  |TAMS 0x0000000703600000| PB 0x0000000703600000| Complete 
|  19|0x0000000703800000, 0x0000000703a00000, 0x0000000703a00000|100%|HC|  |TAMS 0x0000000703800000| PB 0x0000000703800000| Complete 
|  20|0x0000000703a00000, 0x0000000703c00000, 0x0000000703c00000|100%|HC|  |TAMS 0x0000000703a00000| PB 0x0000000703a00000| Complete 
|  21|0x0000000703c00000, 0x0000000703e00000, 0x0000000703e00000|100%|HC|  |TAMS 0x0000000703c00000| PB 0x0000000703c00000| Complete 
|  22|0x0000000703e00000, 0x0000000704000000, 0x0000000704000000|100%|HC|  |TAMS 0x0000000703e00000| PB 0x0000000703e00000| Complete 
|  23|0x0000000704000000, 0x0000000704200000, 0x0000000704200000|100%|HC|  |TAMS 0x0000000704000000| PB 0x0000000704000000| Complete 
|  24|0x0000000704200000, 0x0000000704400000, 0x0000000704400000|100%|HC|  |TAMS 0x0000000704200000| PB 0x0000000704200000| Complete 
|  25|0x0000000704400000, 0x0000000704600000, 0x0000000704600000|100%|HC|  |TAMS 0x0000000704400000| PB 0x0000000704400000| Complete 
|  26|0x0000000704600000, 0x0000000704800000, 0x0000000704800000|100%|HC|  |TAMS 0x0000000704600000| PB 0x0000000704600000| Complete 
|  27|0x0000000704800000, 0x0000000704a00000, 0x0000000704a00000|100%|HC|  |TAMS 0x0000000704800000| PB 0x0000000704800000| Complete 
|  28|0x0000000704a00000, 0x0000000704c00000, 0x0000000704c00000|100%|HC|  |TAMS 0x0000000704a00000| PB 0x0000000704a00000| Complete 
|  29|0x0000000704c00000, 0x0000000704e00000, 0x0000000704e00000|100%|HC|  |TAMS 0x0000000704c00000| PB 0x0000000704c00000| Complete 
|  30|0x0000000704e00000, 0x0000000705000000, 0x0000000705000000|100%|HC|  |TAMS 0x0000000704e00000| PB 0x0000000704e00000| Complete 
|  31|0x0000000705000000, 0x0000000705200000, 0x0000000705200000|100%|HC|  |TAMS 0x0000000705000000| PB 0x0000000705000000| Complete 
|  32|0x0000000705200000, 0x0000000705400000, 0x0000000705400000|100%|HC|  |TAMS 0x0000000705200000| PB 0x0000000705200000| Complete 
|  33|0x0000000705400000, 0x0000000705600000, 0x0000000705600000|100%|HC|  |TAMS 0x0000000705400000| PB 0x0000000705400000| Complete 
|  34|0x0000000705600000, 0x0000000705800000, 0x0000000705800000|100%|HC|  |TAMS 0x0000000705600000| PB 0x0000000705600000| Complete 
|  35|0x0000000705800000, 0x0000000705a00000, 0x0000000705a00000|100%|HC|  |TAMS 0x0000000705800000| PB 0x0000000705800000| Complete 
|  36|0x0000000705a00000, 0x0000000705c00000, 0x0000000705c00000|100%|HC|  |TAMS 0x0000000705a00000| PB 0x0000000705a00000| Complete 
|  37|0x0000000705c00000, 0x0000000705e00000, 0x0000000705e00000|100%|HC|  |TAMS 0x0000000705c00000| PB 0x0000000705c00000| Complete 
|  38|0x0000000705e00000, 0x0000000706000000, 0x0000000706000000|100%|HC|  |TAMS 0x0000000705e00000| PB 0x0000000705e00000| Complete 
|  39|0x0000000706000000, 0x0000000706200000, 0x0000000706200000|100%|HC|  |TAMS 0x0000000706000000| PB 0x0000000706000000| Complete 
|  40|0x0000000706200000, 0x0000000706400000, 0x0000000706400000|100%|HC|  |TAMS 0x0000000706200000| PB 0x0000000706200000| Complete 
|  41|0x0000000706400000, 0x0000000706600000, 0x0000000706600000|100%|HC|  |TAMS 0x0000000706400000| PB 0x0000000706400000| Complete 
|  42|0x0000000706600000, 0x0000000706800000, 0x0000000706800000|100%|HC|  |TAMS 0x0000000706600000| PB 0x0000000706600000| Complete 
|  43|0x0000000706800000, 0x0000000706a00000, 0x0000000706a00000|100%|HC|  |TAMS 0x0000000706800000| PB 0x0000000706800000| Complete 
|  44|0x0000000706a00000, 0x0000000706c00000, 0x0000000706c00000|100%|HC|  |TAMS 0x0000000706a00000| PB 0x0000000706a00000| Complete 
|  45|0x0000000706c00000, 0x0000000706e00000, 0x0000000706e00000|100%|HC|  |TAMS 0x0000000706c00000| PB 0x0000000706c00000| Complete 
|  46|0x0000000706e00000, 0x0000000707000000, 0x0000000707000000|100%| O|  |TAMS 0x0000000706e00000| PB 0x0000000706e00000| Untracked 
|  47|0x0000000707000000, 0x000000070711b308, 0x0000000707200000| 55%| O|  |TAMS 0x0000000707000000| PB 0x0000000707000000| Untracked 
|  48|0x0000000707200000, 0x0000000707400000, 0x0000000707400000|100%|HS|  |TAMS 0x0000000707200000| PB 0x0000000707200000| Complete 
|  49|0x0000000707400000, 0x0000000707600000, 0x0000000707600000|100%|HC|  |TAMS 0x0000000707400000| PB 0x0000000707400000| Complete 
|  50|0x0000000707600000, 0x0000000707800000, 0x0000000707800000|100%|HC|  |TAMS 0x0000000707600000| PB 0x0000000707600000| Complete 
|  51|0x0000000707800000, 0x0000000707a00000, 0x0000000707a00000|100%|HC|  |TAMS 0x0000000707800000| PB 0x0000000707800000| Complete 
|  52|0x0000000707a00000, 0x0000000707c00000, 0x0000000707c00000|100%|HC|  |TAMS 0x0000000707a00000| PB 0x0000000707a00000| Complete 
|  53|0x0000000707c00000, 0x0000000707e00000, 0x0000000707e00000|100%|HS|  |TAMS 0x0000000707c00000| PB 0x0000000707c00000| Complete 
|  54|0x0000000707e00000, 0x0000000708000000, 0x0000000708000000|100%|HC|  |TAMS 0x0000000707e00000| PB 0x0000000707e00000| Complete 
|  55|0x0000000708000000, 0x0000000708200000, 0x0000000708200000|100%|HC|  |TAMS 0x0000000708000000| PB 0x0000000708000000| Complete 
|  56|0x0000000708200000, 0x0000000708400000, 0x0000000708400000|100%|HC|  |TAMS 0x0000000708200000| PB 0x0000000708200000| Complete 
|  57|0x0000000708400000, 0x0000000708400000, 0x0000000708600000|  0%| F|  |TAMS 0x0000000708400000| PB 0x0000000708400000| Untracked 
|  58|0x0000000708600000, 0x0000000708600000, 0x0000000708800000|  0%| F|  |TAMS 0x0000000708600000| PB 0x0000000708600000| Untracked 
|  59|0x0000000708800000, 0x0000000708a00000, 0x0000000708a00000|100%| E|  |TAMS 0x0000000708800000| PB 0x0000000708800000| Complete 
|  60|0x0000000708a00000, 0x0000000708c00000, 0x0000000708c00000|100%| E|CS|TAMS 0x0000000708a00000| PB 0x0000000708a00000| Complete 
|  61|0x0000000708c00000, 0x0000000708e00000, 0x0000000708e00000|100%| E|CS|TAMS 0x0000000708c00000| PB 0x0000000708c00000| Complete 
|  62|0x0000000708e00000, 0x0000000709000000, 0x0000000709000000|100%| E|CS|TAMS 0x0000000708e00000| PB 0x0000000708e00000| Complete 
|  63|0x0000000709000000, 0x0000000709200000, 0x0000000709200000|100%| E|CS|TAMS 0x0000000709000000| PB 0x0000000709000000| Complete 
|  64|0x0000000709200000, 0x0000000709400000, 0x0000000709400000|100%| E|CS|TAMS 0x0000000709200000| PB 0x0000000709200000| Complete 
|  65|0x0000000709400000, 0x0000000709600000, 0x0000000709600000|100%| E|CS|TAMS 0x0000000709400000| PB 0x0000000709400000| Complete 
|  66|0x0000000709600000, 0x0000000709800000, 0x0000000709800000|100%| E|CS|TAMS 0x0000000709600000| PB 0x0000000709600000| Complete 
|  67|0x0000000709800000, 0x0000000709a00000, 0x0000000709a00000|100%| E|CS|TAMS 0x0000000709800000| PB 0x0000000709800000| Complete 
|  68|0x0000000709a00000, 0x0000000709c00000, 0x0000000709c00000|100%| E|CS|TAMS 0x0000000709a00000| PB 0x0000000709a00000| Complete 
|  69|0x0000000709c00000, 0x0000000709e00000, 0x0000000709e00000|100%| E|CS|TAMS 0x0000000709c00000| PB 0x0000000709c00000| Complete 
|  70|0x0000000709e00000, 0x000000070a000000, 0x000000070a000000|100%| E|CS|TAMS 0x0000000709e00000| PB 0x0000000709e00000| Complete 
|  71|0x000000070a000000, 0x000000070a200000, 0x000000070a200000|100%| E|CS|TAMS 0x000000070a000000| PB 0x000000070a000000| Complete 
|  72|0x000000070a200000, 0x000000070a400000, 0x000000070a400000|100%| E|CS|TAMS 0x000000070a200000| PB 0x000000070a200000| Complete 
|  73|0x000000070a400000, 0x000000070a600000, 0x000000070a600000|100%| E|CS|TAMS 0x000000070a400000| PB 0x000000070a400000| Complete 
|  74|0x000000070a600000, 0x000000070a800000, 0x000000070a800000|100%| E|CS|TAMS 0x000000070a600000| PB 0x000000070a600000| Complete 
|  75|0x000000070a800000, 0x000000070aa00000, 0x000000070aa00000|100%| E|CS|TAMS 0x000000070a800000| PB 0x000000070a800000| Complete 
|  76|0x000000070aa00000, 0x000000070ac00000, 0x000000070ac00000|100%| E|CS|TAMS 0x000000070aa00000| PB 0x000000070aa00000| Complete 
|  77|0x000000070ac00000, 0x000000070ae00000, 0x000000070ae00000|100%| E|CS|TAMS 0x000000070ac00000| PB 0x000000070ac00000| Complete 
|  78|0x000000070ae00000, 0x000000070b000000, 0x000000070b000000|100%| E|CS|TAMS 0x000000070ae00000| PB 0x000000070ae00000| Complete 
|  79|0x000000070b000000, 0x000000070b200000, 0x000000070b200000|100%| E|CS|TAMS 0x000000070b000000| PB 0x000000070b000000| Complete 
|  80|0x000000070b200000, 0x000000070b400000, 0x000000070b400000|100%| E|CS|TAMS 0x000000070b200000| PB 0x000000070b200000| Complete 
|  81|0x000000070b400000, 0x000000070b600000, 0x000000070b600000|100%| E|CS|TAMS 0x000000070b400000| PB 0x000000070b400000| Complete 
|  82|0x000000070b600000, 0x000000070b800000, 0x000000070b800000|100%| E|CS|TAMS 0x000000070b600000| PB 0x000000070b600000| Complete 
|  83|0x000000070b800000, 0x000000070ba00000, 0x000000070ba00000|100%| E|CS|TAMS 0x000000070b800000| PB 0x000000070b800000| Complete 
|  84|0x000000070ba00000, 0x000000070bc00000, 0x000000070bc00000|100%| E|CS|TAMS 0x000000070ba00000| PB 0x000000070ba00000| Complete 
|  85|0x000000070bc00000, 0x000000070be00000, 0x000000070be00000|100%| E|CS|TAMS 0x000000070bc00000| PB 0x000000070bc00000| Complete 
|  86|0x000000070be00000, 0x000000070c000000, 0x000000070c000000|100%| E|CS|TAMS 0x000000070be00000| PB 0x000000070be00000| Complete 
|  87|0x000000070c000000, 0x000000070c200000, 0x000000070c200000|100%| E|CS|TAMS 0x000000070c000000| PB 0x000000070c000000| Complete 
|  88|0x000000070c200000, 0x000000070c400000, 0x000000070c400000|100%| E|CS|TAMS 0x000000070c200000| PB 0x000000070c200000| Complete 
|  89|0x000000070c400000, 0x000000070c600000, 0x000000070c600000|100%| E|CS|TAMS 0x000000070c400000| PB 0x000000070c400000| Complete 
|  90|0x000000070c600000, 0x000000070c800000, 0x000000070c800000|100%| E|CS|TAMS 0x000000070c600000| PB 0x000000070c600000| Complete 
|  91|0x000000070c800000, 0x000000070ca00000, 0x000000070ca00000|100%| E|CS|TAMS 0x000000070c800000| PB 0x000000070c800000| Complete 
|  92|0x000000070ca00000, 0x000000070cc00000, 0x000000070cc00000|100%| E|CS|TAMS 0x000000070ca00000| PB 0x000000070ca00000| Complete 
|  93|0x000000070cc00000, 0x000000070ce00000, 0x000000070ce00000|100%| E|CS|TAMS 0x000000070cc00000| PB 0x000000070cc00000| Complete 
|  94|0x000000070ce00000, 0x000000070d000000, 0x000000070d000000|100%| E|CS|TAMS 0x000000070ce00000| PB 0x000000070ce00000| Complete 
|  95|0x000000070d000000, 0x000000070d200000, 0x000000070d200000|100%| E|CS|TAMS 0x000000070d000000| PB 0x000000070d000000| Complete 
|  96|0x000000070d200000, 0x000000070d400000, 0x000000070d400000|100%| E|CS|TAMS 0x000000070d200000| PB 0x000000070d200000| Complete 
|  97|0x000000070d400000, 0x000000070d600000, 0x000000070d600000|100%| E|CS|TAMS 0x000000070d400000| PB 0x000000070d400000| Complete 
|  98|0x000000070d600000, 0x000000070d800000, 0x000000070d800000|100%| E|CS|TAMS 0x000000070d600000| PB 0x000000070d600000| Complete 
|  99|0x000000070d800000, 0x000000070da00000, 0x000000070da00000|100%| E|CS|TAMS 0x000000070d800000| PB 0x000000070d800000| Complete 
| 100|0x000000070da00000, 0x000000070dc00000, 0x000000070dc00000|100%| E|CS|TAMS 0x000000070da00000| PB 0x000000070da00000| Complete 
| 101|0x000000070dc00000, 0x000000070de00000, 0x000000070de00000|100%| E|CS|TAMS 0x000000070dc00000| PB 0x000000070dc00000| Complete 
| 102|0x000000070de00000, 0x000000070e000000, 0x000000070e000000|100%| E|CS|TAMS 0x000000070de00000| PB 0x000000070de00000| Complete 
| 103|0x000000070e000000, 0x000000070e200000, 0x000000070e200000|100%| E|CS|TAMS 0x000000070e000000| PB 0x000000070e000000| Complete 
| 104|0x000000070e200000, 0x000000070e400000, 0x000000070e400000|100%| E|CS|TAMS 0x000000070e200000| PB 0x000000070e200000| Complete 
| 105|0x000000070e400000, 0x000000070e600000, 0x000000070e600000|100%| E|CS|TAMS 0x000000070e400000| PB 0x000000070e400000| Complete 
| 106|0x000000070e600000, 0x000000070e800000, 0x000000070e800000|100%| E|CS|TAMS 0x000000070e600000| PB 0x000000070e600000| Complete 
| 107|0x000000070e800000, 0x000000070ea00000, 0x000000070ea00000|100%| E|CS|TAMS 0x000000070e800000| PB 0x000000070e800000| Complete 
| 108|0x000000070ea00000, 0x000000070ec00000, 0x000000070ec00000|100%| E|CS|TAMS 0x000000070ea00000| PB 0x000000070ea00000| Complete 
| 109|0x000000070ec00000, 0x000000070ee00000, 0x000000070ee00000|100%| E|CS|TAMS 0x000000070ec00000| PB 0x000000070ec00000| Complete 
| 110|0x000000070ee00000, 0x000000070f000000, 0x000000070f000000|100%| E|CS|TAMS 0x000000070ee00000| PB 0x000000070ee00000| Complete 
| 111|0x000000070f000000, 0x000000070f016e18, 0x000000070f200000|  4%| S|CS|TAMS 0x000000070f000000| PB 0x000000070f000000| Complete 
| 112|0x000000070f200000, 0x000000070f400000, 0x000000070f400000|100%| E|CS|TAMS 0x000000070f200000| PB 0x000000070f200000| Complete 
| 113|0x000000070f400000, 0x000000070f600000, 0x000000070f600000|100%| E|CS|TAMS 0x000000070f400000| PB 0x000000070f400000| Complete 
| 114|0x000000070f600000, 0x000000070f800000, 0x000000070f800000|100%| E|CS|TAMS 0x000000070f600000| PB 0x000000070f600000| Complete 
| 115|0x000000070f800000, 0x000000070fa00000, 0x000000070fa00000|100%| E|CS|TAMS 0x000000070f800000| PB 0x000000070f800000| Complete 
| 116|0x000000070fa00000, 0x000000070fc00000, 0x000000070fc00000|100%| E|CS|TAMS 0x000000070fa00000| PB 0x000000070fa00000| Complete 
| 117|0x000000070fc00000, 0x000000070fe00000, 0x000000070fe00000|100%| E|CS|TAMS 0x000000070fc00000| PB 0x000000070fc00000| Complete 
| 118|0x000000070fe00000, 0x0000000710000000, 0x0000000710000000|100%| E|CS|TAMS 0x000000070fe00000| PB 0x000000070fe00000| Complete 
| 119|0x0000000710000000, 0x0000000710200000, 0x0000000710200000|100%| E|CS|TAMS 0x0000000710000000| PB 0x0000000710000000| Complete 
| 120|0x0000000710200000, 0x0000000710400000, 0x0000000710400000|100%| E|CS|TAMS 0x0000000710200000| PB 0x0000000710200000| Complete 
| 121|0x0000000710400000, 0x0000000710600000, 0x0000000710600000|100%| E|CS|TAMS 0x0000000710400000| PB 0x0000000710400000| Complete 
| 122|0x0000000710600000, 0x0000000710800000, 0x0000000710800000|100%| E|CS|TAMS 0x0000000710600000| PB 0x0000000710600000| Complete 
| 123|0x0000000710800000, 0x0000000710a00000, 0x0000000710a00000|100%| E|CS|TAMS 0x0000000710800000| PB 0x0000000710800000| Complete 
| 124|0x0000000710a00000, 0x0000000710c00000, 0x0000000710c00000|100%| E|CS|TAMS 0x0000000710a00000| PB 0x0000000710a00000| Complete 
| 125|0x0000000710c00000, 0x0000000710e00000, 0x0000000710e00000|100%| E|CS|TAMS 0x0000000710c00000| PB 0x0000000710c00000| Complete 
| 126|0x0000000710e00000, 0x0000000711000000, 0x0000000711000000|100%| E|CS|TAMS 0x0000000710e00000| PB 0x0000000710e00000| Complete 
| 127|0x0000000711000000, 0x0000000711200000, 0x0000000711200000|100%| E|CS|TAMS 0x0000000711000000| PB 0x0000000711000000| Complete 

Card table byte_map: [0x000002a1aef70000,0x000002a1af770000] _byte_map_base: 0x000002a1ab767000

Marking Bits: (CMBitMap*) 0x000002a1967bf530
 Bits: [0x000002a1af770000, 0x000002a1b3728000)

Polling page: 0x000002a194ea0000

Metaspace:

Usage:
  Non-class:      9.76 MB used.
      Class:      1.13 MB used.
       Both:     10.89 MB used.

Virtual space:
  Non-class space:       64.00 MB reserved,      10.00 MB ( 16%) committed,  1 nodes.
      Class space:        1.00 GB reserved,       1.31 MB ( <1%) committed,  1 nodes.
             Both:        1.06 GB reserved,      11.31 MB (  1%) committed. 

Chunk freelists:
   Non-Class:  6.02 MB
       Class:  14.64 MB
        Both:  20.66 MB

MaxMetaspaceSize: unlimited
CompressedClassSpaceSize: 1.00 GB
Initial GC threshold: 21.00 MB
Current GC threshold: 21.00 MB
CDS: on
 - commit_granule_bytes: 65536.
 - commit_granule_words: 8192.
 - virtual_space_node_default_size: 8388608.
 - enlarge_chunks_in_place: 1.
 - use_allocation_guard: 0.


Internal statistics:

num_allocs_failed_limit: 0.
num_arena_births: 508.
num_arena_deaths: 0.
num_vsnodes_births: 2.
num_vsnodes_deaths: 0.
num_space_committed: 181.
num_space_uncommitted: 0.
num_chunks_returned_to_freelist: 0.
num_chunks_taken_from_freelist: 650.
num_chunk_merges: 0.
num_chunk_splits: 390.
num_chunks_enlarged: 150.
num_inconsistent_stats: 0.

CodeHeap 'non-profiled nmethods': size=120000Kb used=1892Kb max_used=1892Kb free=118107Kb
 bounds [0x000002a1a69f0000, 0x000002a1a6c60000, 0x000002a1adf20000]
CodeHeap 'profiled nmethods': size=120000Kb used=4687Kb max_used=4687Kb free=115312Kb
 bounds [0x000002a19ef20000, 0x000002a19f3c0000, 0x000002a1a6450000]
CodeHeap 'non-nmethods': size=5760Kb used=1760Kb max_used=1845Kb free=4000Kb
 bounds [0x000002a1a6450000, 0x000002a1a66c0000, 0x000002a1a69f0000]
 total_blobs=3385 nmethods=2654 adapters=635
 compilation: enabled
              stopped_count=0, restarted_count=0
 full_count=0

Compilation events (20 events):
Event: 224.258 Thread 0x000002a1fb1486d0 2645       4       sun.awt.AWTAutoShutdown::isReadyToShutdown (37 bytes)
Event: 224.259 Thread 0x000002a1fb1486d0 nmethod 2645 0x000002a1a6bc6790 code [0x000002a1a6bc6920, 0x000002a1a6bc6a20]
Event: 478.558 Thread 0x000002a1fb1486d0 2646   !   4       sun.awt.AWTAutoShutdown::setToolkitBusy (124 bytes)
Event: 478.560 Thread 0x000002a1fb1486d0 nmethod 2646 0x000002a1a6bc6b10 code [0x000002a1a6bc6ce0, 0x000002a1a6bc72d8]
Event: 517.553 Thread 0x000002a1fb1486d0 2647   !   4       java.lang.Object::wait (50 bytes)
Event: 517.554 Thread 0x000002a1fb1486d0 nmethod 2647 0x000002a1a6bc7590 code [0x000002a1a6bc7740, 0x000002a1a6bc78f0]
Event: 559.956 Thread 0x000002a1fb1486d0 2648       4       sun.java2d.d3d.D3DSurfaceData$D3DWindowSurfaceData::isDirty (18 bytes)
Event: 559.957 Thread 0x000002a1fb1486d0 nmethod 2648 0x000002a1a6bc7b90 code [0x000002a1a6bc7d20, 0x000002a1a6bc7e30]
Event: 1828.852 Thread 0x000002a1fb1486d0 2649       4       sun.awt.AWTAutoShutdown::notifyToolkitThreadFree (8 bytes)
Event: 1828.854 Thread 0x000002a1fb1486d0 nmethod 2649 0x000002a1a6bc7f10 code [0x000002a1a6bc80c0, 0x000002a1a6bc8538]
Event: 1892.152 Thread 0x000002a1fb1486d0 2650       4       sun.awt.AWTAutoShutdown::notifyToolkitThreadBusy (8 bytes)
Event: 1892.153 Thread 0x000002a1fb1486d0 nmethod 2650 0x000002a1a6bc8790 code [0x000002a1a6bc8940, 0x000002a1a6bc8df0]
Event: 3246.161 Thread 0x000002a1fb14b170 2651 % !   3       sun.java2d.d3d.D3DScreenUpdateManager::run @ 0 (267 bytes)
Event: 3246.162 Thread 0x000002a1fb14b170 nmethod 2651% 0x000002a19f3ab390 code [0x000002a19f3ab840, 0x000002a19f3ae1b8]
Event: 3301.583 Thread 0x000002a1fb14b170 2652   !   3       sun.java2d.d3d.D3DScreenUpdateManager::run (267 bytes)
Event: 3301.585 Thread 0x000002a1fb14b170 nmethod 2652 0x000002a19f3af290 code [0x000002a19f3af720, 0x000002a19f3b1fd0]
Event: 3480.935 Thread 0x000002a1fb14b170 2653       3       java.util.concurrent.locks.AbstractQueuedSynchronizer$ConditionObject::unlinkCancelledWaiters (91 bytes)
Event: 3480.936 Thread 0x000002a1fb14b170 nmethod 2653 0x000002a19f3b3090 code [0x000002a19f3b3260, 0x000002a19f3b36e8]
Event: 4364.601 Thread 0x000002a1fb14b170 2654       3       java.util.HashMap::keySet (25 bytes)
Event: 4364.601 Thread 0x000002a1fb14b170 nmethod 2654 0x000002a19f3b3890 code [0x000002a19f3b3a60, 0x000002a19f3b3e40]

GC Heap History (4 events):
Event: 0.489 GC heap before
{Heap before GC invocations=0 (full 0):
 garbage-first heap   total 262144K, used 112640K [0x0000000701200000, 0x0000000800000000)
  region size 2048K, 10 young (20480K), 0 survivors (0K)
 Metaspace       used 5666K, committed 5952K, reserved 1114112K
  class space    used 566K, committed 704K, reserved 1048576K
}
Event: 0.491 GC heap after
{Heap after GC invocations=1 (full 0):
 garbage-first heap   total 262144K, used 97568K [0x0000000701200000, 0x0000000800000000)
  region size 2048K, 2 young (4096K), 2 survivors (4096K)
 Metaspace       used 5666K, committed 5952K, reserved 1114112K
  class space    used 566K, committed 704K, reserved 1048576K
}
Event: 0.535 GC heap before
{Heap before GC invocations=1 (full 0):
 garbage-first heap   total 262144K, used 124192K [0x0000000701200000, 0x0000000800000000)
  region size 2048K, 16 young (32768K), 2 survivors (4096K)
 Metaspace       used 5669K, committed 5952K, reserved 1114112K
  class space    used 566K, committed 704K, reserved 1048576K
}
Event: 0.537 GC heap after
{Heap after GC invocations=2 (full 0):
 garbage-first heap   total 262144K, used 97480K [0x0000000701200000, 0x0000000800000000)
  region size 2048K, 1 young (2048K), 1 survivors (2048K)
 Metaspace       used 5669K, committed 5952K, reserved 1114112K
  class space    used 566K, committed 704K, reserved 1048576K
}

Dll operation events (10 events):
Event: 0.005 Loaded shared library C:\Users\Kelly Applebee\.gradle\jdks\eclipse_adoptium-21-amd64-windows\jdk-21.0.5+11\bin\java.dll
Event: 0.025 Loaded shared library C:\Users\Kelly Applebee\.gradle\jdks\eclipse_adoptium-21-amd64-windows\jdk-21.0.5+11\bin\jsvml.dll
Event: 0.141 Loaded shared library C:\Users\Kelly Applebee\.gradle\jdks\eclipse_adoptium-21-amd64-windows\jdk-21.0.5+11\bin\jimage.dll
Event: 0.144 Loaded shared library C:\Users\Kelly Applebee\.gradle\jdks\eclipse_adoptium-21-amd64-windows\jdk-21.0.5+11\bin\awt.dll
Event: 0.165 Loaded shared library C:\Users\Kelly Applebee\.gradle\jdks\eclipse_adoptium-21-amd64-windows\jdk-21.0.5+11\bin\net.dll
Event: 0.166 Loaded shared library C:\Users\Kelly Applebee\.gradle\jdks\eclipse_adoptium-21-amd64-windows\jdk-21.0.5+11\bin\nio.dll
Event: 0.168 Loaded shared library C:\Users\Kelly Applebee\.gradle\jdks\eclipse_adoptium-21-amd64-windows\jdk-21.0.5+11\bin\zip.dll
Event: 0.403 Loaded shared library C:\Users\Kelly Applebee\.gradle\jdks\eclipse_adoptium-21-amd64-windows\jdk-21.0.5+11\bin\javajpeg.dll
Event: 0.668 Loaded shared library C:\Users\Kelly Applebee\.gradle\jdks\eclipse_adoptium-21-amd64-windows\jdk-21.0.5+11\bin\freetype.dll
Event: 0.668 Loaded shared library C:\Users\Kelly Applebee\.gradle\jdks\eclipse_adoptium-21-amd64-windows\jdk-21.0.5+11\bin\fontmanager.dll

Deoptimization events (20 events):
Event: 146.547 Thread 0x000002a1fb13dd50 DEOPT PACKING pc=0x000002a19f30bddc sp=0x000000ecac3fefe0
Event: 146.547 Thread 0x000002a1fb13dd50 DEOPT UNPACKING pc=0x000002a1a64a4e42 sp=0x000000ecac3fe550 mode 0
Event: 146.547 Thread 0x000002a1fb13dd50 DEOPT PACKING pc=0x000002a19f309c3c sp=0x000000ecac3ff100
Event: 146.547 Thread 0x000002a1fb13dd50 DEOPT UNPACKING pc=0x000002a1a64a4e42 sp=0x000000ecac3fe5c0 mode 0
Event: 146.547 Thread 0x000002a1fb13dd50 DEOPT PACKING pc=0x000002a19f2aa364 sp=0x000000ecac3ff160
Event: 146.547 Thread 0x000002a1fb13dd50 DEOPT UNPACKING pc=0x000002a1a64a4e42 sp=0x000000ecac3fe560 mode 0
Event: 146.547 Thread 0x000002a1fb13dd50 DEOPT PACKING pc=0x000002a19f2adb84 sp=0x000000ecac3ff2f0
Event: 146.547 Thread 0x000002a1fb13dd50 DEOPT UNPACKING pc=0x000002a1a64a4e42 sp=0x000000ecac3fe7f0 mode 0
Event: 4365.486 Thread 0x000002a1fc1557e0 Uncommon trap: trap_request=0xffffff66 fr.pc=0x000002a1a6b202dc relative=0x000000000000099c
Event: 4365.486 Thread 0x000002a1fc1557e0 Uncommon trap: reason=speculate_class_check action=maybe_recompile pc=0x000002a1a6b202dc method=sun.java2d.pipe.BufferedContext.validateContext(Lsun/java2d/pipe/hw/AccelSurface;Lsun/java2d/pipe/hw/AccelSurface;Lsun/java2d/pipe/Region;Ljava/awt/Composite;L
Event: 4365.486 Thread 0x000002a1fc1557e0 DEOPT PACKING pc=0x000002a1a6b202dc sp=0x000000ecabfff170
Event: 4365.486 Thread 0x000002a1fc1557e0 DEOPT UNPACKING pc=0x000002a1a64a46a2 sp=0x000000ecabffefe8 mode 2
Event: 4365.486 Thread 0x000002a1fc1557e0 Uncommon trap: trap_request=0xffffffde fr.pc=0x000002a1a6a6f874 relative=0x0000000000001ed4
Event: 4365.486 Thread 0x000002a1fc1557e0 Uncommon trap: reason=class_check action=maybe_recompile pc=0x000002a1a6a6f874 method=sun.java2d.pipe.BufferedContext.validate(Lsun/java2d/pipe/hw/AccelSurface;Lsun/java2d/pipe/hw/AccelSurface;Lsun/java2d/pipe/Region;Ljava/awt/Composite;Ljava/awt/geom/Aff
Event: 4365.486 Thread 0x000002a1fc1557e0 DEOPT PACKING pc=0x000002a1a6a6f874 sp=0x000000ecabffeef0
Event: 4365.486 Thread 0x000002a1fc1557e0 DEOPT UNPACKING pc=0x000002a1a64a46a2 sp=0x000000ecabffef00 mode 2
Event: 4365.486 Thread 0x000002a1fc1557e0 Uncommon trap: trap_request=0xffffffde fr.pc=0x000002a1a6af15d4 relative=0x0000000000000274
Event: 4365.486 Thread 0x000002a1fc1557e0 Uncommon trap: reason=class_check action=maybe_recompile pc=0x000002a1a6af15d4 method=sun.java2d.pipe.BufferedContext.setSurfaces(Lsun/java2d/pipe/hw/AccelSurface;Lsun/java2d/pipe/hw/AccelSurface;)V @ 25 c2
Event: 4365.486 Thread 0x000002a1fc1557e0 DEOPT PACKING pc=0x000002a1a6af15d4 sp=0x000000ecabffeec0
Event: 4365.486 Thread 0x000002a1fc1557e0 DEOPT UNPACKING pc=0x000002a1a64a46a2 sp=0x000000ecabffee88 mode 2

Classes loaded (20 events):
Event: 14.107 Loading class javax/swing/text/Utilities
Event: 14.107 Loading class javax/swing/text/Utilities done
Event: 14.107 Loading class javax/swing/text/WhitespaceBasedBreakIterator
Event: 14.107 Loading class java/text/BreakIterator
Event: 14.107 Loading class java/text/BreakIterator done
Event: 14.107 Loading class javax/swing/text/WhitespaceBasedBreakIterator done
Event: 14.108 Loading class javax/swing/text/ComponentView
Event: 14.108 Loading class javax/swing/text/ComponentView done
Event: 14.108 Loading class javax/swing/JEditorPane
Event: 14.109 Loading class javax/swing/JEditorPane done
Event: 28.183 Loading class java/util/MissingResourceException
Event: 28.183 Loading class java/util/MissingResourceException done
Event: 28.271 Loading class java/lang/invoke/BoundMethodHandle$Species_LLLLLLLLLL
Event: 28.271 Loading class java/lang/invoke/BoundMethodHandle$Species_LLLLLLLLLL done
Event: 28.286 Loading class java/lang/invoke/BoundMethodHandle$Species_LLLLLLLLLLL
Event: 28.286 Loading class java/lang/invoke/BoundMethodHandle$Species_LLLLLLLLLLL done
Event: 55.428 Loading class java/awt/image/BufferedImageOp
Event: 55.428 Loading class java/awt/image/BufferedImageOp done
Event: 126.838 Loading class java/lang/invoke/MethodHandleImpl$CountingWrapper$1
Event: 126.838 Loading class java/lang/invoke/MethodHandleImpl$CountingWrapper$1 done

Classes unloaded (0 events):
No events

Classes redefined (0 events):
No events

Internal exceptions (20 events):
Event: 6.124 Thread 0x000002a1fb13dd50 Exception <a 'java/lang/NoSuchMethodError'{0x000000070d62d268}: 'java.lang.Object java.lang.invoke.DirectMethodHandle$Holder.invokeStatic(java.lang.Object, java.lang.Object, int)'> (0x000000070d62d268) 
thrown [s\src\hotspot\share\interpreter\linkResolver.cpp, line 773]
Event: 6.125 Thread 0x000002a1fb13dd50 Exception <a 'java/lang/NoSuchMethodError'{0x000000070d63f158}: 'void java.lang.invoke.DelegatingMethodHandle$Holder.delegate(java.lang.Object, java.lang.Object, int, java.lang.Object)'> (0x000000070d63f158) 
thrown [s\src\hotspot\share\interpreter\linkResolver.cpp, line 773]
Event: 6.126 Thread 0x000002a1fb13dd50 Exception <a 'java/lang/NoSuchMethodError'{0x000000070d643648}: 'int java.lang.invoke.DirectMethodHandle$Holder.invokeSpecial(java.lang.Object, java.lang.Object, java.lang.Object)'> (0x000000070d643648) 
thrown [s\src\hotspot\share\interpreter\linkResolver.cpp, line 773]
Event: 6.129 Thread 0x000002a1fb13dd50 Exception <a 'java/lang/NoSuchMethodError'{0x000000070d661100}: 'int java.lang.invoke.DirectMethodHandle$Holder.invokeVirtual(java.lang.Object, java.lang.Object, java.lang.Object)'> (0x000000070d661100) 
thrown [s\src\hotspot\share\interpreter\linkResolver.cpp, line 773]
Event: 6.130 Thread 0x000002a1fb13dd50 Exception <a 'java/lang/NoSuchMethodError'{0x000000070d664a70}: 'int java.lang.invoke.DirectMethodHandle$Holder.invokeVirtual(java.lang.Object, java.lang.Object)'> (0x000000070d664a70) 
thrown [s\src\hotspot\share\interpreter\linkResolver.cpp, line 773]
Event: 6.130 Thread 0x000002a1fb13dd50 Exception <a 'java/lang/NoSuchMethodError'{0x000000070d6693f8}: 'int java.lang.invoke.DirectMethodHandle$Holder.invokeStaticInit(java.lang.Object, java.lang.Object, java.lang.Object)'> (0x000000070d6693f8) 
thrown [s\src\hotspot\share\interpreter\linkResolver.cpp, line 773]
Event: 6.130 Thread 0x000002a1fb13dd50 Exception <a 'java/lang/NoSuchMethodError'{0x000000070d66cdc8}: 'int java.lang.invoke.DirectMethodHandle$Holder.invokeStaticInit(java.lang.Object, int, int)'> (0x000000070d66cdc8) 
thrown [s\src\hotspot\share\interpreter\linkResolver.cpp, line 773]
Event: 6.130 Thread 0x000002a1fb13dd50 Exception <a 'java/lang/NoSuchMethodError'{0x000000070d674688}: 'int java.lang.invoke.DirectMethodHandle$Holder.invokeStaticInit(java.lang.Object, long, long)'> (0x000000070d674688) 
thrown [s\src\hotspot\share\interpreter\linkResolver.cpp, line 773]
Event: 6.131 Thread 0x000002a1fb13dd50 Exception <a 'java/lang/NoSuchMethodError'{0x000000070d67b3d0}: 'int java.lang.invoke.DirectMethodHandle$Holder.invokeStaticInit(java.lang.Object, float, float)'> (0x000000070d67b3d0) 
thrown [s\src\hotspot\share\interpreter\linkResolver.cpp, line 773]
Event: 6.131 Thread 0x000002a1fb13dd50 Exception <a 'java/lang/NoSuchMethodError'{0x000000070d682110}: 'int java.lang.invoke.DirectMethodHandle$Holder.invokeStaticInit(java.lang.Object, double, double)'> (0x000000070d682110) 
thrown [s\src\hotspot\share\interpreter\linkResolver.cpp, line 773]
Event: 6.132 Thread 0x000002a1fb13dd50 Exception <a 'java/lang/NoSuchMethodError'{0x000000070d687030}: 'int java.lang.invoke.DirectMethodHandle$Holder.invokeStatic(java.lang.Object, long)'> (0x000000070d687030) 
thrown [s\src\hotspot\share\interpreter\linkResolver.cpp, line 773]
Event: 6.299 Thread 0x000002a1fb13dd50 Exception <a 'java/lang/NoSuchMethodError'{0x000000070d7e8d08}: 'java.lang.Object java.lang.invoke.DirectMethodHandle$Holder.invokeSpecial(java.lang.Object, java.lang.Object, int, java.lang.Object, java.lang.Object)'> (0x000000070d7e8d08) 
thrown [s\src\hotspot\share\interpreter\linkResolver.cpp, line 773]
Event: 6.299 Thread 0x000002a1fb13dd50 Exception <a 'java/lang/NoSuchMethodError'{0x000000070d7ec698}: 'java.lang.Object java.lang.invoke.DelegatingMethodHandle$Holder.delegate(java.lang.Object, int, java.lang.Object, java.lang.Object)'> (0x000000070d7ec698) 
thrown [s\src\hotspot\share\interpreter\linkResolver.cpp, line 773]
Event: 6.301 Thread 0x000002a1fb13dd50 Exception <a 'java/lang/NoSuchMethodError'{0x000000070d7fb998}: 'int java.lang.invoke.Invokers$Holder.linkToTargetMethod(java.lang.Object, java.lang.Object, java.lang.Object)'> (0x000000070d7fb998) 
thrown [s\src\hotspot\share\interpreter\linkResolver.cpp, line 773]
Event: 28.210 Thread 0x000002a1fb13dd50 Exception <a 'java/lang/NoSuchMethodError'{0x000000070bebf2d0}: 'java.lang.Object java.lang.invoke.DirectMethodHandle$Holder.invokeSpecial(java.lang.Object, java.lang.Object, java.lang.Object, java.lang.Object, long, java.lang.Object)'> (0x000000070bebf2d0) 
thrown [s\src\hotspot\share\interpreter\linkResolver.cpp, line 773]
Event: 28.211 Thread 0x000002a1fb13dd50 Exception <a 'java/lang/NoSuchMethodError'{0x000000070bec2d60}: 'java.lang.Object java.lang.invoke.Invokers$Holder.linkToTargetMethod(java.lang.Object, java.lang.Object, long, java.lang.Object, java.lang.Object)'> (0x000000070bec2d60) 
thrown [s\src\hotspot\share\interpreter\linkResolver.cpp, line 773]
Event: 28.279 Thread 0x000002a1fb13dd50 Exception <a 'java/lang/NoSuchMethodError'{0x000000070bf67298}: 'java.lang.Object java.lang.invoke.DirectMethodHandle$Holder.invokeStatic(java.lang.Object, java.lang.Object, java.lang.Object, java.lang.Object, java.lang.Object, java.lang.Object, java.lang.Object, java.lang.Object, java.lang.Object, java.lang.Object, java.lang.Object, java.lang.Object, java.lang.Object)'> (0x000000070bf67298) 
thrown [s\src\hotspot\share\interpreter\linkResolver.cpp, line 773]
Event: 28.296 Thread 0x000002a1fb13dd50 Exception <a 'java/lang/NoSuchMethodError'{0x000000070bf86548}: 'java.lang.Object java.lang.invoke.DirectMethodHandle$Holder.invokeStatic(java.lang.Object, java.lang.Object, java.lang.Object, java.lang.Object, java.lang.Object, java.lang.Object, java.lang.Object, java.lang.Object, java.lang.Object, java.lang.Object, java.lang.Object, java.lang.Object, java.lang.Object, java.lang.Object)'> (0x000000070bf86548) 
thrown [s\src\hotspot\share\interpreter\linkResolver.cpp, line 773]
Event: 28.305 Thread 0x000002a1fb13dd50 Exception <a 'java/lang/NoSuchMethodError'{0x000000070bf9a4c8}: 'java.lang.Object java.lang.invoke.Invokers$Holder.linkToTargetMethod(java.lang.Object, java.lang.Object, java.lang.Object, java.lang.Object, java.lang.Object, java.lang.Object, java.lang.Object, java.lang.Object, java.lang.Object, java.lang.Object, java.lang.Object, java.lang.Object, java.lang.Object, java.lang.Object)'> (0x000000070bf9a4c8) 
thrown [s\src\hotspot\share\interpreter\linkResolver.cpp, line 773]
Event: 32.499 Thread 0x000002a1fb13dd50 Implicit null exception at 0x000002a1a6ac5ac0 to 0x000002a1a6ace7b8

ZGC Phase Switch (0 events):
No events

VM Operations (20 events):
Event: 145.496 Executing VM operation: ChangeSingleStep
Event: 145.496 Executing VM operation: ChangeSingleStep done
Event: 145.496 Executing VM operation: ChangeSingleStep
Event: 145.496 Executing VM operation: ChangeSingleStep done
Event: 145.524 Executing VM operation: get/set locals
Event: 145.524 Executing VM operation: get/set locals done
Event: 145.524 Executing VM operation: get/set locals
Event: 145.524 Executing VM operation: get/set locals done
Event: 145.533 Executing VM operation: get/set locals
Event: 145.533 Executing VM operation: get/set locals done
Event: 146.827 Executing VM operation: get/set locals
Event: 146.827 Executing VM operation: get/set locals done
Event: 146.827 Executing VM operation: get/set locals
Event: 146.827 Executing VM operation: get/set locals done
Event: 146.827 Executing VM operation: get/set locals
Event: 146.827 Executing VM operation: get/set locals done
Event: 180.597 Executing VM operation: HandshakeAllThreads (HandshakeForDeflation)
Event: 180.597 Executing VM operation: HandshakeAllThreads (HandshakeForDeflation) done
Event: 180.597 Executing VM operation: RendezvousGCThreads
Event: 180.597 Executing VM operation: RendezvousGCThreads done

Memory protections (0 events):
No events

Nmethod flushes (0 events):
No events

Events (20 events):
Event: 0.175 Thread 0x000002a1fb14b170 Thread added: 0x000002a1fb4cd430
Event: 0.203 Thread 0x000002a194d6bfc0 Thread added: 0x000002a1fb13d030
Event: 0.204 Thread 0x000002a194d6bfc0 Thread added: 0x000002a1fb13ea70
Event: 0.205 Thread 0x000002a194d6bfc0 Thread added: 0x000002a1fb13d6c0
Event: 0.212 Thread 0x000002a194d6bfc0 Thread added: 0x000002a1fb13dd50
Event: 0.212 Thread 0x000002a194d6bfc0 Thread exited: 0x000002a194d6bfc0
Event: 0.212 Thread 0x000002a1fb13e3e0 Thread added: 0x000002a1fb13e3e0
Event: 0.368 Thread 0x000002a1fb13dd50 Thread added: 0x000002a1fc152360
Event: 0.581 Thread 0x000002a1fb4cd430 Thread exited: 0x000002a1fb4cd430
Event: 0.737 Thread 0x000002a1fb13dd50 Thread added: 0x000002a1fc1557e0
Event: 5.628 Thread 0x000002a1fc152360 Thread exited: 0x000002a1fc152360
Event: 6.140 Thread 0x000002a1fb13dd50 Thread added: 0x000002a1fc1529f0
Event: 7.711 Thread 0x000002a1fb14b170 Thread added: 0x000002a18ccfe020
Event: 12.845 Thread 0x000002a18ccfe020 Thread exited: 0x000002a18ccfe020
Event: 14.064 Thread 0x000002a1fb14b170 Thread added: 0x000002a18c929240
Event: 14.810 Thread 0x000002a18c929240 Thread exited: 0x000002a18c929240
Event: 32.463 Thread 0x000002a1fb13dd50 Thread added: 0x000002a1fc153080
Event: 37.510 Thread 0x000002a1fc153080 Thread exited: 0x000002a1fc153080
Event: 67.536 Thread 0x000002a1fb13dd50 Thread added: 0x000002a1fc152360
Event: 72.576 Thread 0x000002a1fc152360 Thread exited: 0x000002a1fc152360


Dynamic libraries:
0x00007ff71e7a0000 - 0x00007ff71e7ae000 	C:\Users\Kelly Applebee\.gradle\jdks\eclipse_adoptium-21-amd64-windows\jdk-21.0.5+11\bin\java.exe
0x00007ff8b9da0000 - 0x00007ff8ba000000 	C:\WINDOWS\SYSTEM32\ntdll.dll
0x00007ff8b8880000 - 0x00007ff8b8947000 	C:\WINDOWS\System32\KERNEL32.DLL
0x00007ff8b7730000 - 0x00007ff8b7afa000 	C:\WINDOWS\System32\KERNELBASE.dll
0x00007ff8b7300000 - 0x00007ff8b744b000 	C:\WINDOWS\System32\ucrtbase.dll
0x00007ff874160000 - 0x00007ff874178000 	C:\Users\Kelly Applebee\.gradle\jdks\eclipse_adoptium-21-amd64-windows\jdk-21.0.5+11\bin\jli.dll
0x00007ff874140000 - 0x00007ff87415e000 	C:\Users\Kelly Applebee\.gradle\jdks\eclipse_adoptium-21-amd64-windows\jdk-21.0.5+11\bin\VCRUNTIME140.dll
0x00007ff8b8a50000 - 0x00007ff8b8c1c000 	C:\WINDOWS\System32\USER32.dll
0x00007ff8b60c0000 - 0x00007ff8b6357000 	C:\WINDOWS\WinSxS\amd64_microsoft.windows.common-controls_6595b64144ccf1df_6.0.26100.3624_none_3e086962e3345f24\COMCTL32.dll
0x00007ff8b6f80000 - 0x00007ff8b6fa7000 	C:\WINDOWS\System32\win32u.dll
0x00007ff8b87d0000 - 0x00007ff8b8879000 	C:\WINDOWS\System32\msvcrt.dll
0x00007ff8b8ce0000 - 0x00007ff8b8d0a000 	C:\WINDOWS\System32\GDI32.dll
0x00007ff8b6fb0000 - 0x00007ff8b70e1000 	C:\WINDOWS\System32\gdi32full.dll
0x00007ff8b7450000 - 0x00007ff8b74f3000 	C:\WINDOWS\System32\msvcp_win.dll
0x00007ff8b8790000 - 0x00007ff8b87bf000 	C:\WINDOWS\System32\IMM32.DLL
0x00007ff876420000 - 0x00007ff87642c000 	C:\Users\Kelly Applebee\.gradle\jdks\eclipse_adoptium-21-amd64-windows\jdk-21.0.5+11\bin\vcruntime140_1.dll
0x00007ff8740b0000 - 0x00007ff87413d000 	C:\Users\Kelly Applebee\.gradle\jdks\eclipse_adoptium-21-amd64-windows\jdk-21.0.5+11\bin\msvcp140.dll
0x00007ff82c450000 - 0x00007ff82d1df000 	C:\Users\Kelly Applebee\.gradle\jdks\eclipse_adoptium-21-amd64-windows\jdk-21.0.5+11\bin\server\jvm.dll
0x00007ff8b8c20000 - 0x00007ff8b8cd2000 	C:\WINDOWS\System32\ADVAPI32.dll
0x00007ff8b92d0000 - 0x00007ff8b9376000 	C:\WINDOWS\System32\sechost.dll
0x00007ff8b9480000 - 0x00007ff8b9596000 	C:\WINDOWS\System32\RPCRT4.dll
0x00007ff8b95b0000 - 0x00007ff8b9624000 	C:\WINDOWS\System32\WS2_32.dll
0x00007ff8b67b0000 - 0x00007ff8b680e000 	C:\WINDOWS\SYSTEM32\POWRPROF.dll
0x00007ff8a8700000 - 0x00007ff8a8736000 	C:\WINDOWS\SYSTEM32\WINMM.dll
0x00007ff8af200000 - 0x00007ff8af20b000 	C:\WINDOWS\SYSTEM32\VERSION.dll
0x00007ff8b64c0000 - 0x00007ff8b64d4000 	C:\WINDOWS\SYSTEM32\UMPDC.dll
0x00007ff8b54f0000 - 0x00007ff8b550a000 	C:\WINDOWS\SYSTEM32\kernel.appcore.dll
0x00007ff8740a0000 - 0x00007ff8740aa000 	C:\Users\Kelly Applebee\.gradle\jdks\eclipse_adoptium-21-amd64-windows\jdk-21.0.5+11\bin\jimage.dll
0x00007ff8b6820000 - 0x00007ff8b6a61000 	C:\WINDOWS\SYSTEM32\DBGHELP.DLL
0x00007ff8b8000000 - 0x00007ff8b8382000 	C:\WINDOWS\System32\combase.dll
0x00007ff8b8950000 - 0x00007ff8b8a26000 	C:\WINDOWS\System32\OLEAUT32.dll
0x00007ff8b66a0000 - 0x00007ff8b66d9000 	C:\WINDOWS\SYSTEM32\dbgcore.DLL
0x00007ff8b7b00000 - 0x00007ff8b7b99000 	C:\WINDOWS\System32\bcryptPrimitives.dll
0x00007ff8a7920000 - 0x00007ff8a795c000 	C:\Users\Kelly Applebee\.gradle\jdks\eclipse_adoptium-21-amd64-windows\jdk-21.0.5+11\bin\jdwp.dll
0x00007ff836ff0000 - 0x00007ff83700f000 	C:\Users\Kelly Applebee\.gradle\jdks\eclipse_adoptium-21-amd64-windows\jdk-21.0.5+11\bin\java.dll
0x00007ff8b9630000 - 0x00007ff8b9d59000 	C:\WINDOWS\System32\SHELL32.dll
0x00007ff8b75c0000 - 0x00007ff8b7728000 	C:\WINDOWS\System32\wintypes.dll
0x00007ff8b41c0000 - 0x00007ff8b4a12000 	C:\WINDOWS\SYSTEM32\windows.storage.dll
0x00007ff8b7ba0000 - 0x00007ff8b7c8d000 	C:\WINDOWS\System32\SHCORE.dll
0x00007ff8b9260000 - 0x00007ff8b92c4000 	C:\WINDOWS\System32\shlwapi.dll
0x00007ff8b6e90000 - 0x00007ff8b6ebf000 	C:\WINDOWS\SYSTEM32\profapi.dll
0x00007ff82d910000 - 0x00007ff82d9e7000 	C:\Users\Kelly Applebee\.gradle\jdks\eclipse_adoptium-21-amd64-windows\jdk-21.0.5+11\bin\jsvml.dll
0x00007ff8b1240000 - 0x00007ff8b124b000 	C:\Users\Kelly Applebee\.gradle\jdks\eclipse_adoptium-21-amd64-windows\jdk-21.0.5+11\bin\dt_socket.dll
0x00007ff8b4ed0000 - 0x00007ff8b4f03000 	C:\WINDOWS\SYSTEM32\IPHLPAPI.DLL
0x00007ff8b5b40000 - 0x00007ff8b5baa000 	C:\WINDOWS\system32\mswsock.dll
0x00007ff8b4f60000 - 0x00007ff8b5085000 	C:\WINDOWS\SYSTEM32\DNSAPI.dll
0x00007ff8b7e40000 - 0x00007ff8b7e4a000 	C:\WINDOWS\System32\NSI.dll
0x00007ff8a86f0000 - 0x00007ff8a86fb000 	C:\Windows\System32\rasadhlp.dll
0x00007ff8a8f60000 - 0x00007ff8a8fe5000 	C:\WINDOWS\System32\fwpuclnt.dll
0x00007ff8a5dc0000 - 0x00007ff8a5f4e000 	C:\Users\Kelly Applebee\.gradle\jdks\eclipse_adoptium-21-amd64-windows\jdk-21.0.5+11\bin\awt.dll
0x00007ff8b3210000 - 0x00007ff8b32ac000 	C:\WINDOWS\SYSTEM32\apphelp.dll
0x00007ff86d8e0000 - 0x00007ff86d8f0000 	C:\Users\Kelly Applebee\.gradle\jdks\eclipse_adoptium-21-amd64-windows\jdk-21.0.5+11\bin\net.dll
0x00007ff8aeb30000 - 0x00007ff8aec4d000 	C:\WINDOWS\SYSTEM32\WINHTTP.dll
0x00007ff836fb0000 - 0x00007ff836fc6000 	C:\Users\Kelly Applebee\.gradle\jdks\eclipse_adoptium-21-amd64-windows\jdk-21.0.5+11\bin\nio.dll
0x00007ff836fd0000 - 0x00007ff836fe8000 	C:\Users\Kelly Applebee\.gradle\jdks\eclipse_adoptium-21-amd64-windows\jdk-21.0.5+11\bin\zip.dll
0x00007ff8b3400000 - 0x00007ff8b34ae000 	C:\WINDOWS\system32\uxtheme.dll
0x00007ff8b7ea0000 - 0x00007ff8b7ffd000 	C:\WINDOWS\System32\MSCTF.dll
0x00007ff8b8390000 - 0x00007ff8b8526000 	C:\WINDOWS\System32\ole32.dll
0x00007ff8b3760000 - 0x00007ff8b3796000 	C:\WINDOWS\system32\DWMAPI.DLL
0x00007ff83ec50000 - 0x00007ff83ed5c000 	C:\WINDOWS\system32\opengl32.dll
0x00007ff83e800000 - 0x00007ff83e82d000 	C:\WINDOWS\SYSTEM32\GLU32.dll
0x00007ff8b35b0000 - 0x00007ff8b35f7000 	C:\WINDOWS\SYSTEM32\dxcore.dll
0x00007ff8b3600000 - 0x00007ff8b372e000 	C:\WINDOWS\SYSTEM32\dxgi.dll
0x00007ff8b3520000 - 0x00007ff8b357e000 	C:\WINDOWS\SYSTEM32\directxdatabasehelper.dll
0x00007ff8b6be0000 - 0x00007ff8b6c3f000 	C:\WINDOWS\SYSTEM32\cfgmgr32.dll
0x00007ff8b6e60000 - 0x00007ff8b6e86000 	C:\WINDOWS\SYSTEM32\BCrypt.dll
0x00007fffe6020000 - 0x00007fffe9e14000 	C:\WINDOWS\System32\DriverStore\FileRepository\u0413647.inf_amd64_d320f14af0da075c\B413137\AMDXN64.DLL
0x00007ff8b8dd0000 - 0x00007ff8b9256000 	C:\WINDOWS\System32\SETUPAPI.dll
0x00007ff8a72a0000 - 0x00007ff8a72db000 	C:\WINDOWS\System32\DriverStore\FileRepository\u0413647.inf_amd64_d320f14af0da075c\B413137\amdihk64.dll
0x00007ff8a78f0000 - 0x00007ff8a791e000 	C:\Users\Kelly Applebee\.gradle\jdks\eclipse_adoptium-21-amd64-windows\jdk-21.0.5+11\bin\javajpeg.dll
0x00007ff8a7860000 - 0x00007ff8a78e7000 	C:\Users\Kelly Applebee\.gradle\jdks\eclipse_adoptium-21-amd64-windows\jdk-21.0.5+11\bin\freetype.dll
0x00007ff89a760000 - 0x00007ff89a83b000 	C:\Users\Kelly Applebee\.gradle\jdks\eclipse_adoptium-21-amd64-windows\jdk-21.0.5+11\bin\fontmanager.dll
0x00007ff8a67b0000 - 0x00007ff8a68f9000 	C:\WINDOWS\SYSTEM32\textinputframework.dll
0x00007ff8910f0000 - 0x00007ff89115b000 	C:\WINDOWS\system32\Oleacc.dll
0x00007ff8b7cf0000 - 0x00007ff8b7d98000 	C:\WINDOWS\System32\clbcatq.dll
0x00007ff8665d0000 - 0x00007ff86662c000 	C:\WINDOWS\system32\ApplicationTargetedFeatureDatabase.dll
0x00007ff8a7320000 - 0x00007ff8a755b000 	C:\Windows\System32\twinapi.appcore.dll
0x00007ff8b2e30000 - 0x00007ff8b2f56000 	C:\WINDOWS\SYSTEM32\CoreMessaging.dll
0x00007ff8aec50000 - 0x00007ff8aef33000 	C:\WINDOWS\SYSTEM32\CoreUIComponents.dll
0x00007ff8b5ed0000 - 0x00007ff8b5edc000 	C:\WINDOWS\SYSTEM32\CRYPTBASE.DLL
0x00007ff859a80000 - 0x00007ff859c2c000 	C:\WINDOWS\system32\d3d9.dll
0x00007ff8a7ba0000 - 0x00007ff8a7bc0000 	C:\WINDOWS\System32\DriverStore\FileRepository\u0413647.inf_amd64_d320f14af0da075c\B413137\atidx9loader64.dll

dbghelp: loaded successfully - version: 4.0.5 - missing functions: none
symbol engine: initialized successfully - sym options: 0x614 - pdb path: .;C:\Users\Kelly Applebee\.gradle\jdks\eclipse_adoptium-21-amd64-windows\jdk-21.0.5+11\bin;C:\WINDOWS\SYSTEM32;C:\WINDOWS\WinSxS\amd64_microsoft.windows.common-controls_6595b64144ccf1df_6.0.26100.3624_none_3e086962e3345f24;C:\Users\Kelly Applebee\.gradle\jdks\eclipse_adoptium-21-amd64-windows\jdk-21.0.5+11\bin\server;C:\WINDOWS\System32\DriverStore\FileRepository\u0413647.inf_amd64_d320f14af0da075c\B413137

VM Arguments:
jvm_args: -agentlib:jdwp=transport=dt_socket,server=n,suspend=y,address=localhost:54426 -XX:+ShowCodeDetailsInExceptionMessages 
java_command: it.unibo.progetto_oop.google.TestGUI
java_class_path (initial): \Java-Mystery-dungeon\build\resources\test;D:\code_blocks\java\progetto_OOP\Java-Mystery-dungeon\build\classes\java\test;D:\code_blocks\java\progetto_OOP\Java-Mystery-dungeon\build\resources\main;D:\code_blocks\java\progetto_OOP\Java-Mystery-dungeon\build\classes\java\main;\Java-Mystery-dungeon\bin;C:\Users\Kelly Applebee\.gradle\caches\modules-2\files-2.1\com.fasterxml.jackson.core\jackson-databind\2.8.7\6c3257ef458ac58a8da69a6dca3d2a15286d88c8\jackson-databind-2.8.7.jar;C:\Users\Kelly Applebee\.gradle\caches\modules-2\files-2.1\com.omertron\API-OMDB\1.5\387ef0612e5e0693d209125681e52a21e2567df4\API-OMDB-1.5.jar;C:\Users\Kelly Applebee\.gradle\caches\modules-2\files-2.1\com.fasterxml.jackson.core\jackson-annotations\2.8.7\7407d69da9d95d3dcbd17eb9579e2b601889f19\jackson-annotations-2.8.7.jar;C:\Users\Kelly Applebee\.gradle\caches\modules-2\files-2.1\commons-logging\commons-logging\1.2\4bfc12adfe4842bf07b657f0369c4cb522955686\commons-logging-1.2.jar;C:\Users\Kelly Applebee\.gradle\caches\modules-2\files-2.1\com.github.spotbugs\spotbugs-annotations\4.9.3\4d362bffcfdfd734999e94d7d98fde678aae71cf\spotbugs-annotations-4.9.3.jar;C:\Users\Kelly Applebee\.gradle\caches\modules-2\files-2.1\org.yamj\api-common\2.1\c7c8855e1149b50ac456a278b8c43a2b7b7cf1fe\api-common-2.1.jar;C:\Users\Kelly Applebee\.gradle\caches\modules-2\files-2.1\ch.qos.logback\logback-core\1.5.18\6c0375624f6f36b4e089e2488ba21334a11ef13f\logback-core-1.5.18.jar;C:\Users\Kelly Applebee\.gradle\caches\modules-2\files-2.1\org.jooq\jool\0.9.15\2b162c4251820479b336a7437b88fa047ed3e82e\jool-0.9.15.jar;C:\Users\Kelly Applebee\.gradle\caches\modules-2\files-2.1\org.apache.httpcomponents\httpclient\4.5.3\d1577ae15f01ef5438c5afc62162457c00a34713\httpclient-4.5.3.jar;C:\Users\Kelly Applebee\.gradle\caches\modules-2\files-2.1\com.fasterxml.jackson.core\jackson-core\2.8.7\8b46f39c78476fb848c81a49fa807a9e9506dddd\jackson-core-2.8.7.jar;C:\Users\Kelly Applebee\.gradle\caches\modules-2\files-2.1\ch.qos.logback\logback-classic\1.5.18\fc371f3fc97a639de2d67947cffb7518ec5e3d40\logback-classic-1.5.18.jar;C:\Users\Kelly Applebee\.gradle\caches\modules-2\files-2.1\org.slf4j\slf4j-api\2.0.17\d9e58ac9c7779ba3bf8142aff6c830617a7fe60f\slf4j-api-2.0.17.jar;C:\Users\Kelly Applebee\.gradle\caches\modules-2\files-2.1\commons-codec\commons-codec\1.10\4b95f4897fa13f2cd904aee711aeafc0c5295cd8\commons-codec-1.10.jar;C:\Users\Kelly Applebee\.gradle\caches\modules-2\files-2.1\org.apache.httpcomponents\httpcore\4.4.6\e3fd8ced1f52c7574af952e2e6da0df8df08eb82\httpcore-4.4.6.jar;C:\Users\Kelly Applebee\.gradle\caches\modules-2\files-2.1\com.google.code.findbugs\jsr305\3.0.2\25ea2e8b0c338a877313bd4672d3fe056ea78f0d\jsr305-3.0.2.jar;C:\Users\Kelly Applebee\.gradle\caches\modules-2\files-2.1\org.apache.commons\commons-lang3\3.4\5fe28b9518e58819180a43a850fbc0dd24b7c050\commons-lang3-3.4.jar;C:\Users\Kelly Applebee\.gradle\caches\modules-2\files-2.1\org.apiguardian\apiguardian-api\1.1.2\a231e0d844d2721b0fa1b238006d15c6ded6842a\apiguardian-api-1.1.2.jar;C:\Users\Kelly Applebee\.gradle\caches\modules-2\files-2.1\org.junit.jupiter\junit-jupiter-engine\5.11.4\dc10ec209623986a68ea07f67cdc7d2a65a60355\junit-jupiter-engine-5.11.4.jar;C:\Users\Kelly Applebee\.gradle\caches\modules-2\files-2.1\org.junit.platform\junit-platform-commons\1.11.4\8898eea3ed0da2641548d602c3e308804f166303\junit-platform-commons-1.11.4.jar;C:\Users\Kelly Applebee\.gradle\caches\modules-2\files-2.1\org.junit.jupiter\junit-jupiter-api\5.11.4\308315b28e667db4091b2ba1f7aa220d1ddadb97\junit-jupiter-api-5.11.4.jar;C:\Users\Kelly Applebee\.gradle\caches\modules-2\files-2.1\org.opentest4j\opentest4j\1.3.0\152ea56b3a72f655d4fd677fc0ef2596c3dd5e6e\opentest4j-1.3.0.jar;C:\Users\Kelly Applebee\.gradle\caches\modules-2\files-2.1\org.junit.platform\junit-platform-engine\1.11.4\21f61b123ad6ac8f7e73971bff3a096c8d8e1cd0\junit-platform-engine-1.11.4.jar
Launcher Type: SUN_STANDARD

[Global flags]
     intx CICompilerCount                          = 3                                         {product} {ergonomic}
     uint ConcGCThreads                            = 2                                         {product} {ergonomic}
     uint G1ConcRefinementThreads                  = 6                                         {product} {ergonomic}
   size_t G1HeapRegionSize                         = 2097152                                   {product} {ergonomic}
    uintx GCDrainStackTargetSize                   = 64                                        {product} {ergonomic}
   size_t InitialHeapSize                          = 268435456                                 {product} {ergonomic}
   size_t MarkStackSize                            = 4194304                                   {product} {ergonomic}
   size_t MaxHeapSize                              = 4276092928                                {product} {ergonomic}
   size_t MaxNewSize                               = 2564816896                                {product} {ergonomic}
   size_t MinHeapDeltaBytes                        = 2097152                                   {product} {ergonomic}
   size_t MinHeapSize                              = 8388608                                   {product} {ergonomic}
    uintx NonNMethodCodeHeapSize                   = 5832780                                {pd product} {ergonomic}
    uintx NonProfiledCodeHeapSize                  = 122912730                              {pd product} {ergonomic}
    uintx ProfiledCodeHeapSize                     = 122912730                              {pd product} {ergonomic}
    uintx ReservedCodeCacheSize                    = 251658240                              {pd product} {ergonomic}
     bool SegmentedCodeCache                       = true                                      {product} {ergonomic}
     bool ShowCodeDetailsInExceptionMessages       = true                                   {manageable} {command line}
   size_t SoftMaxHeapSize                          = 4276092928                             {manageable} {ergonomic}
     bool UseCompressedOops                        = true                           {product lp64_product} {ergonomic}
     bool UseG1GC                                  = true                                      {product} {ergonomic}
     bool UseLargePagesIndividualAllocation        = false                                  {pd product} {ergonomic}

Logging:
Log output configuration:
 #0: stdout all=warning uptime,level,tags foldmultilines=false
 #1: stderr all=off uptime,level,tags foldmultilines=false

Environment Variables:
PATH=C:\WINDOWS\system32;C:\WINDOWS;C:\WINDOWS\System32\Wbem;C:\WINDOWS\System32\WindowsPowerShell\v1.0\;C:\WINDOWS\System32\OpenSSH\;C:\Program Files\dotnet\;C:\Program Files\GitExtensions\;C:\Program Files\Git\cmd;C:\WINDOWS\system32;C:\WINDOWS;C:\WINDOWS\System32\Wbem;C:\WINDOWS\System32\WindowsPowerShell\v1.0\;C:\WINDOWS\System32\OpenSSH\;C:\Program Files\dotnet\;C:\Program Files\GitExtensions\;C:\Users\Kelly Applebee\AppData\Local\Microsoft\WindowsApps;C:\Program Files (x86)\Java\jdk-16.0.1_windows-x64_bin\jdk-16.0.1\bin;c:\users\kelly applebee\downloads\steam\ext\bin
USERNAME=Kelly Applebee
LANG=en_US.UTF-8
OS=Windows_NT
PROCESSOR_IDENTIFIER=Intel64 Family 6 Model 158 Stepping 13, GenuineIntel
TMP=C:\Users\KELLYA~1\AppData\Local\Temp
TEMP=C:\Users\KELLYA~1\AppData\Local\Temp




Periodic native trim disabled

---------------  S Y S T E M  ---------------

OS:
 Windows 11 , 64 bit Build 26100 (10.0.26100.3775)
OS uptime: 0 days 3:29 hours

CPU: total 6 (initial active 6) (6 cores per cpu, 1 threads per core) family 6 model 158 stepping 13 microcode 0xde, cx8, cmov, fxsr, mmx, 3dnowpref, sse, sse2, sse3, ssse3, sse4.1, sse4.2, popcnt, lzcnt, tsc, tscinvbit, avx, avx2, aes, erms, clmul, bmi1, bmi2, adx, fma, vzeroupper, clflush, clflushopt, rdtscp, f16c
Processor Information for all 6 processors :
  Max Mhz: 3696, Current Mhz: 3696, Mhz Limit: 3696

Memory: 4k page, system-wide physical 16305M (6745M free)
TotalPageFile size 31153M (AvailPageFile size 15023M)
current process WorkingSet (physical memory assigned to process): 369M, peak: 578M
current process commit charge ("private bytes"): 517M, peak: 795M

vm_info: OpenJDK 64-Bit Server VM (21.0.5+11-LTS) for windows-amd64 JRE (21.0.5+11-LTS), built on 2024-10-15T00:00:00Z by "admin" with MS VC++ 17.7 (VS2022)

END.
